[0.020s] Invoking command in '/home/daniel/projects/urdf-gazebo-tutorial/build/my_robot_description': CMAKE_PREFIX_PATH=${CMAKE_PREFIX_PATH}:/home/daniel/projects/tomauto_robot/install/controller:/home/daniel/projects/tomauto_robot/install/dm:/home/daniel/projects/ros/install/my_py_pkg:/opt/ros/jazzy DEBUGINFOD_URLS=https://debuginfod.ubuntu.com /usr/bin/cmake /home/daniel/projects/urdf-gazebo-tutorial/src/my_robot_description -DCMAKE_INSTALL_PREFIX=/home/daniel/projects/urdf-gazebo-tutorial/install/my_robot_description
[0.083s] -- The C compiler identification is GNU 13.3.0
[0.137s] -- The CXX compiler identification is GNU 13.3.0
[0.155s] -- Detecting C compiler ABI info
[0.227s] -- Detecting C compiler ABI info - done
[0.233s] -- Check for working C compiler: /usr/bin/cc - skipped
[0.233s] -- Detecting C compile features
[0.234s] -- Detecting C compile features - done
[0.245s] -- Detecting CXX compiler ABI info
[0.326s] -- Detecting CXX compiler ABI info - done
[0.334s] -- Check for working CXX compiler: /usr/bin/c++ - skipped
[0.334s] -- Detecting CXX compile features
[0.335s] -- Detecting CXX compile features - done
[0.338s] -- Found ament_cmake: 2.5.4 (/opt/ros/jazzy/share/ament_cmake/cmake)
[0.902s] -- Found Python3: /home/daniel/.pyenv/shims/python3 (found version "3.12.3") found components: Interpreter 
[1.193s] -- Configuring done (1.2s)
[1.195s] -- Generating done (0.0s)
[1.195s] -- Build files have been written to: /home/daniel/projects/urdf-gazebo-tutorial/build/my_robot_description
[1.200s] Invoked command in '/home/daniel/projects/urdf-gazebo-tutorial/build/my_robot_description' returned '0': CMAKE_PREFIX_PATH=${CMAKE_PREFIX_PATH}:/home/daniel/projects/tomauto_robot/install/controller:/home/daniel/projects/tomauto_robot/install/dm:/home/daniel/projects/ros/install/my_py_pkg:/opt/ros/jazzy DEBUGINFOD_URLS=https://debuginfod.ubuntu.com /usr/bin/cmake /home/daniel/projects/urdf-gazebo-tutorial/src/my_robot_description -DCMAKE_INSTALL_PREFIX=/home/daniel/projects/urdf-gazebo-tutorial/install/my_robot_description
[1.201s] Invoking command in '/home/daniel/projects/urdf-gazebo-tutorial/build/my_robot_description': CMAKE_PREFIX_PATH=${CMAKE_PREFIX_PATH}:/home/daniel/projects/tomauto_robot/install/controller:/home/daniel/projects/tomauto_robot/install/dm:/home/daniel/projects/ros/install/my_py_pkg:/opt/ros/jazzy DEBUGINFOD_URLS=https://debuginfod.ubuntu.com /usr/bin/cmake --build /home/daniel/projects/urdf-gazebo-tutorial/build/my_robot_description -- -j24 -l24
[1.237s] Invoked command in '/home/daniel/projects/urdf-gazebo-tutorial/build/my_robot_description' returned '0': CMAKE_PREFIX_PATH=${CMAKE_PREFIX_PATH}:/home/daniel/projects/tomauto_robot/install/controller:/home/daniel/projects/tomauto_robot/install/dm:/home/daniel/projects/ros/install/my_py_pkg:/opt/ros/jazzy DEBUGINFOD_URLS=https://debuginfod.ubuntu.com /usr/bin/cmake --build /home/daniel/projects/urdf-gazebo-tutorial/build/my_robot_description -- -j24 -l24
[1.247s] Invoking command in '/home/daniel/projects/urdf-gazebo-tutorial/build/my_robot_description': CMAKE_PREFIX_PATH=${CMAKE_PREFIX_PATH}:/home/daniel/projects/tomauto_robot/install/controller:/home/daniel/projects/tomauto_robot/install/dm:/home/daniel/projects/ros/install/my_py_pkg:/opt/ros/jazzy DEBUGINFOD_URLS=https://debuginfod.ubuntu.com /usr/bin/cmake --install /home/daniel/projects/urdf-gazebo-tutorial/build/my_robot_description
[1.255s] -- Install configuration: ""
[1.255s] -- Installing: /home/daniel/projects/urdf-gazebo-tutorial/install/my_robot_description/share/my_robot_description//urdf
[1.255s] -- Installing: /home/daniel/projects/urdf-gazebo-tutorial/install/my_robot_description/share/my_robot_description//urdf/my_robot.urdf
[1.255s] -- Installing: /home/daniel/projects/urdf-gazebo-tutorial/install/my_robot_description/share/ament_index/resource_index/package_run_dependencies/my_robot_description
[1.255s] -- Installing: /home/daniel/projects/urdf-gazebo-tutorial/install/my_robot_description/share/ament_index/resource_index/parent_prefix_path/my_robot_description
[1.255s] -- Installing: /home/daniel/projects/urdf-gazebo-tutorial/install/my_robot_description/share/my_robot_description/environment/ament_prefix_path.sh
[1.255s] -- Installing: /home/daniel/projects/urdf-gazebo-tutorial/install/my_robot_description/share/my_robot_description/environment/ament_prefix_path.dsv
[1.256s] -- Installing: /home/daniel/projects/urdf-gazebo-tutorial/install/my_robot_description/share/my_robot_description/environment/path.sh
[1.256s] -- Installing: /home/daniel/projects/urdf-gazebo-tutorial/install/my_robot_description/share/my_robot_description/environment/path.dsv
[1.256s] -- Installing: /home/daniel/projects/urdf-gazebo-tutorial/install/my_robot_description/share/my_robot_description/local_setup.bash
[1.256s] -- Installing: /home/daniel/projects/urdf-gazebo-tutorial/install/my_robot_description/share/my_robot_description/local_setup.sh
[1.256s] -- Installing: /home/daniel/projects/urdf-gazebo-tutorial/install/my_robot_description/share/my_robot_description/local_setup.zsh
[1.256s] -- Installing: /home/daniel/projects/urdf-gazebo-tutorial/install/my_robot_description/share/my_robot_description/local_setup.dsv
[1.256s] -- Installing: /home/daniel/projects/urdf-gazebo-tutorial/install/my_robot_description/share/my_robot_description/package.dsv
[1.256s] -- Installing: /home/daniel/projects/urdf-gazebo-tutorial/install/my_robot_description/share/ament_index/resource_index/packages/my_robot_description
[1.256s] -- Installing: /home/daniel/projects/urdf-gazebo-tutorial/install/my_robot_description/share/my_robot_description/cmake/my_robot_descriptionConfig.cmake
[1.256s] -- Installing: /home/daniel/projects/urdf-gazebo-tutorial/install/my_robot_description/share/my_robot_description/cmake/my_robot_descriptionConfig-version.cmake
[1.256s] -- Installing: /home/daniel/projects/urdf-gazebo-tutorial/install/my_robot_description/share/my_robot_description/package.xml
[1.257s] Invoked command in '/home/daniel/projects/urdf-gazebo-tutorial/build/my_robot_description' returned '0': CMAKE_PREFIX_PATH=${CMAKE_PREFIX_PATH}:/home/daniel/projects/tomauto_robot/install/controller:/home/daniel/projects/tomauto_robot/install/dm:/home/daniel/projects/ros/install/my_py_pkg:/opt/ros/jazzy DEBUGINFOD_URLS=https://debuginfod.ubuntu.com /usr/bin/cmake --install /home/daniel/projects/urdf-gazebo-tutorial/build/my_robot_description
